Build and deploy frontend	Set up job	´╗┐2026-07-03T17:30:04.5864639Z Current runner version: '2.335.1'
Build and deploy frontend	Set up job	2026-07-03T17:30:04.5903590Z ##[group]Runner Image Provisioner
Build and deploy frontend	Set up job	2026-07-03T17:30:04.5904958Z Hosted Compute Agent
Build and deploy frontend	Set up job	2026-07-03T17:30:04.5905812Z Version: 20260624.560
Build and deploy frontend	Set up job	2026-07-03T17:30:04.5906889Z Commit: 925d229a51159bc391ae97e54a2dd1fe20af789d
Build and deploy frontend	Set up job	2026-07-03T17:30:04.5908027Z Build Date: 2026-06-24T18:26:47Z
Build and deploy frontend	Set up job	2026-07-03T17:30:04.5909414Z Worker ID: {44778fb2-0468-4646-a648-e4ae78b98490}
Build and deploy frontend	Set up job	2026-07-03T17:30:04.5910562Z Azure Region: centralus
Build and deploy frontend	Set up job	2026-07-03T17:30:04.5911471Z ##[endgroup]
Build and deploy frontend	Set up job	2026-07-03T17:30:04.5914091Z ##[group]Operating System
Build and deploy frontend	Set up job	2026-07-03T17:30:04.5915065Z Ubuntu
Build and deploy frontend	Set up job	2026-07-03T17:30:04.5915823Z 24.04.4
Build and deploy frontend	Set up job	2026-07-03T17:30:04.5916720Z LTS
Build and deploy frontend	Set up job	2026-07-03T17:30:04.5917419Z ##[endgroup]
Build and deploy frontend	Set up job	2026-07-03T17:30:04.5918215Z ##[group]Runner Image
Build and deploy frontend	Set up job	2026-07-03T17:30:04.5920002Z Image: ubuntu-24.04
Build and deploy frontend	Set up job	2026-07-03T17:30:04.5920880Z Version: 20260628.225.1
Build and deploy frontend	Set up job	2026-07-03T17:30:04.5922687Z Included Software: https://github.com/actions/runner-images/blob/ubuntu24/20260628.225/images/ubuntu/Ubuntu2404-Readme.md
Build and deploy frontend	Set up job	2026-07-03T17:30:04.5925466Z Image Release: https://github.com/actions/runner-images/releases/tag/ubuntu24%2F20260628.225
Build and deploy frontend	Set up job	2026-07-03T17:30:04.5927175Z ##[endgroup]
Build and deploy frontend	Set up job	2026-07-03T17:30:04.5929248Z ##[group]GITHUB_TOKEN Permissions
Build and deploy frontend	Set up job	2026-07-03T17:30:04.5932595Z Contents: read
Build and deploy frontend	Set up job	2026-07-03T17:30:04.5933488Z Metadata: read
Build and deploy frontend	Set up job	2026-07-03T17:30:04.5934953Z Packages: read
Build and deploy frontend	Set up job	2026-07-03T17:30:04.5935843Z ##[endgroup]
Build and deploy frontend	Set up job	2026-07-03T17:30:04.5939190Z Secret source: Actions
Build and deploy frontend	Set up job	2026-07-03T17:30:04.5940469Z Prepare workflow directory
Build and deploy frontend	Set up job	2026-07-03T17:30:04.6454013Z Prepare all required actions
Build and deploy frontend	Set up job	2026-07-03T17:30:04.6571002Z Getting action download info
Build and deploy frontend	Set up job	2026-07-03T17:30:05.0084386Z Download action repository 'actions/checkout@v4' (SHA:34e114876b0b11c390a56381ad16ebd13914f8d5)
Build and deploy frontend	Set up job	2026-07-03T17:30:05.1388640Z Download action repository 'actions/setup-node@v4' (SHA:49933ea5288caeca8642d1e84afbd3f7d6820020)
Build and deploy frontend	Set up job	2026-07-03T17:30:05.2541739Z Download action repository 'peaceiris/actions-gh-pages@v4' (SHA:84c30a85c19949d7eee79c4ff27748b70285e453)
Build and deploy frontend	Set up job	2026-07-03T17:30:06.3600884Z Complete job name: Build and deploy frontend
Build and deploy frontend	Run actions/checkout@v4	´╗┐2026-07-03T17:30:06.4424984Z Node 20 is being deprecated. This workflow is running with Node 24 by default. If you need to temporarily use Node 20, you can set the ACTIONS_ALLOW_USE_UNSECURE_NODE_VERSION=true environment variable. For more information see: https://github.blog/changelog/2025-09-19-deprecation-of-node-20-on-github-actions-runners/
Build and deploy frontend	Run actions/checkout@v4	2026-07-03T17:30:06.4439106Z ##[group]Run actions/checkout@v4
Build and deploy frontend	Run actions/checkout@v4	2026-07-03T17:30:06.4440503Z with:
Build and deploy frontend	Run actions/checkout@v4	2026-07-03T17:30:06.4441216Z   repository: alanriverocd/workspace-bienestar
Build and deploy frontend	Run actions/checkout@v4	2026-07-03T17:30:06.4447523Z   token: ***
Build and deploy frontend	Run actions/checkout@v4	2026-07-03T17:30:06.4448319Z   ssh-strict: true
Build and deploy frontend	Run actions/checkout@v4	2026-07-03T17:30:06.4449354Z   ssh-user: git
Build and deploy frontend	Run actions/checkout@v4	2026-07-03T17:30:06.4450154Z   persist-credentials: true
Build and deploy frontend	Run actions/checkout@v4	2026-07-03T17:30:06.4451051Z   clean: true
Build and deploy frontend	Run actions/checkout@v4	2026-07-03T17:30:06.4451842Z   sparse-checkout-cone-mode: true
Build and deploy frontend	Run actions/checkout@v4	2026-07-03T17:30:06.4452774Z   fetch-depth: 1
Build and deploy frontend	Run actions/checkout@v4	2026-07-03T17:30:06.4453549Z   fetch-tags: false
Build and deploy frontend	Run actions/checkout@v4	2026-07-03T17:30:06.4454336Z   show-progress: true
Build and deploy frontend	Run actions/checkout@v4	2026-07-03T17:30:06.4455156Z   lfs: false
Build and deploy frontend	Run actions/checkout@v4	2026-07-03T17:30:06.4455940Z   submodules: false
Build and deploy frontend	Run actions/checkout@v4	2026-07-03T17:30:06.4456831Z   set-safe-directory: true
Build and deploy frontend	Run actions/checkout@v4	2026-07-03T17:30:06.4457885Z ##[endgroup]
Build and deploy frontend	Run actions/checkout@v4	2026-07-03T17:30:06.5837173Z Syncing repository: alanriverocd/workspace-bienestar
Build and deploy frontend	Run actions/checkout@v4	2026-07-03T17:30:06.5839796Z ##[group]Getting Git version info
Build and deploy frontend	Run actions/checkout@v4	2026-07-03T17:30:06.5840783Z Working directory is '/home/runner/work/workspace-bienestar/workspace-bienestar'
Build and deploy frontend	Run actions/checkout@v4	2026-07-03T17:30:06.5842098Z [command]/usr/bin/git version
Build and deploy frontend	Run actions/checkout@v4	2026-07-03T17:30:06.9464932Z git version 2.54.0
Build and deploy frontend	Run actions/checkout@v4	2026-07-03T17:30:06.9488661Z ##[endgroup]
Build and deploy frontend	Run actions/checkout@v4	2026-07-03T17:30:06.9513292Z Temporarily overriding HOME='/home/runner/work/_temp/33e8e927-bc61-442d-bf27-ecf2aa802ffe' before making global git config changes
Build and deploy frontend	Run actions/checkout@v4	2026-07-03T17:30:06.9516263Z Adding repository directory to the temporary git global config as a safe directory
Build and deploy frontend	Run actions/checkout@v4	2026-07-03T17:30:06.9521543Z [command]/usr/bin/git config --global --add safe.directory /home/runner/work/workspace-bienestar/workspace-bienestar
Build and deploy frontend	Run actions/checkout@v4	2026-07-03T17:30:06.9576932Z Deleting the contents of '/home/runner/work/workspace-bienestar/workspace-bienestar'
Build and deploy frontend	Run actions/checkout@v4	2026-07-03T17:30:06.9582073Z ##[group]Initializing the repository
Build and deploy frontend	Run actions/checkout@v4	2026-07-03T17:30:06.9590157Z [command]/usr/bin/git init /home/runner/work/workspace-bienestar/workspace-bienestar
Build and deploy frontend	Run actions/checkout@v4	2026-07-03T17:30:06.9701312Z hint: Using 'master' as the name for the initial branch. This default branch name
Build and deploy frontend	Run actions/checkout@v4	2026-07-03T17:30:06.9708417Z hint: will change to "main" in Git 3.0. To configure the initial branch name
Build and deploy frontend	Run actions/checkout@v4	2026-07-03T17:30:06.9711032Z hint: to use in all of your new repositories, which will suppress this warning,
Build and deploy frontend	Run actions/checkout@v4	2026-07-03T17:30:06.9712823Z hint: call:
Build and deploy frontend	Run actions/checkout@v4	2026-07-03T17:30:06.9714088Z hint:
Build and deploy frontend	Run actions/checkout@v4	2026-07-03T17:30:06.9715349Z hint: 	git config --global init.defaultBranch <name>
Build and deploy frontend	Run actions/checkout@v4	2026-07-03T17:30:06.9716687Z hint:
Build and deploy frontend	Run actions/checkout@v4	2026-07-03T17:30:06.9717923Z hint: Names commonly chosen instead of 'master' are 'main', 'trunk' and
Build and deploy frontend	Run actions/checkout@v4	2026-07-03T17:30:06.9720288Z hint: 'development'. The just-created branch can be renamed via this command:
Build and deploy frontend	Run actions/checkout@v4	2026-07-03T17:30:06.9722076Z hint:
Build and deploy frontend	Run actions/checkout@v4	2026-07-03T17:30:06.9723195Z hint: 	git branch -m <name>
Build and deploy frontend	Run actions/checkout@v4	2026-07-03T17:30:06.9724460Z hint:
Build and deploy frontend	Run actions/checkout@v4	2026-07-03T17:30:06.9725873Z hint: Disable this message with "git config set advice.defaultBranchName false"
Build and deploy frontend	Run actions/checkout@v4	2026-07-03T17:30:06.9728387Z Initialized empty Git repository in /home/runner/work/workspace-bienestar/workspace-bienestar/.git/
Build and deploy frontend	Run actions/checkout@v4	2026-07-03T17:30:06.9732755Z [command]/usr/bin/git remote add origin https://github.com/alanriverocd/workspace-bienestar
Build and deploy frontend	Run actions/checkout@v4	2026-07-03T17:30:06.9780309Z ##[endgroup]
Build and deploy frontend	Run actions/checkout@v4	2026-07-03T17:30:06.9781970Z ##[group]Disabling automatic garbage collection
Build and deploy frontend	Run actions/checkout@v4	2026-07-03T17:30:06.9792944Z [command]/usr/bin/git config --local gc.auto 0
Build and deploy frontend	Run actions/checkout@v4	2026-07-03T17:30:06.9827723Z ##[endgroup]
Build and deploy frontend	Run actions/checkout@v4	2026-07-03T17:30:06.9829408Z ##[group]Setting up auth
Build and deploy frontend	Run actions/checkout@v4	2026-07-03T17:30:06.9834470Z [command]/usr/bin/git config --local --name-only --get-regexp core\.sshCommand
Build and deploy frontend	Run actions/checkout@v4	2026-07-03T17:30:06.9876211Z [command]/usr/bin/git submodule foreach --recursive sh -c "git config --local --name-only --get-regexp 'core\.sshCommand' && git config --local --unset-all 'core.sshCommand' || :"
Build and deploy frontend	Run actions/checkout@v4	2026-07-03T17:30:07.0241866Z [command]/usr/bin/git config --local --name-only --get-regexp http\.https\:\/\/github\.com\/\.extraheader
Build and deploy frontend	Run actions/checkout@v4	2026-07-03T17:30:07.0280129Z [command]/usr/bin/git submodule foreach --recursive sh -c "git config --local --name-only --get-regexp 'http\.https\:\/\/github\.com\/\.extraheader' && git config --local --unset-all 'http.https://github.com/.extraheader' || :"
Build and deploy frontend	Run actions/checkout@v4	2026-07-03T17:30:07.0546926Z [command]/usr/bin/git config --local --name-only --get-regexp ^includeIf\.gitdir:
Build and deploy frontend	Run actions/checkout@v4	2026-07-03T17:30:07.0585493Z [command]/usr/bin/git submodule foreach --recursive git config --local --show-origin --name-only --get-regexp remote.origin.url
Build and deploy frontend	Run actions/checkout@v4	2026-07-03T17:30:07.0846240Z [command]/usr/bin/git config --local http.https://github.com/.extraheader AUTHORIZATION: basic ***
Build and deploy frontend	Run actions/checkout@v4	2026-07-03T17:30:07.0901209Z ##[endgroup]
Build and deploy frontend	Run actions/checkout@v4	2026-07-03T17:30:07.0904003Z ##[group]Fetching the repository
Build and deploy frontend	Run actions/checkout@v4	2026-07-03T17:30:07.0913175Z [command]/usr/bin/git -c protocol.version=2 fetch --no-tags --prune --no-recurse-submodules --depth=1 origin +7722861f8df41c838446b8761d59d3c624010e2b:refs/remotes/origin/main
Build and deploy frontend	Run actions/checkout@v4	2026-07-03T17:30:07.4072542Z From https://github.com/alanriverocd/workspace-bienestar
Build and deploy frontend	Run actions/checkout@v4	2026-07-03T17:30:07.4076355Z  * [new ref]         7722861f8df41c838446b8761d59d3c624010e2b -> origin/main
Build and deploy frontend	Run actions/checkout@v4	2026-07-03T17:30:07.4085115Z ##[endgroup]
Build and deploy frontend	Run actions/checkout@v4	2026-07-03T17:30:07.4086892Z ##[group]Determining the checkout info
Build and deploy frontend	Run actions/checkout@v4	2026-07-03T17:30:07.4088741Z ##[endgroup]
Build and deploy frontend	Run actions/checkout@v4	2026-07-03T17:30:07.4090246Z [command]/usr/bin/git sparse-checkout disable
Build and deploy frontend	Run actions/checkout@v4	2026-07-03T17:30:07.4146490Z [command]/usr/bin/git config --local --unset-all extensions.worktreeConfig
Build and deploy frontend	Run actions/checkout@v4	2026-07-03T17:30:07.4188729Z ##[group]Checking out the ref
Build and deploy frontend	Run actions/checkout@v4	2026-07-03T17:30:07.4191507Z [command]/usr/bin/git checkout --progress --force -B main refs/remotes/origin/main
Build and deploy frontend	Run actions/checkout@v4	2026-07-03T17:30:07.4277045Z Switched to a new branch 'main'
Build and deploy frontend	Run actions/checkout@v4	2026-07-03T17:30:07.4281203Z branch 'main' set up to track 'origin/main'.
Build and deploy frontend	Run actions/checkout@v4	2026-07-03T17:30:07.4288397Z ##[endgroup]
Build and deploy frontend	Run actions/checkout@v4	2026-07-03T17:30:07.4340935Z [command]/usr/bin/git log -1 --format=%H
Build and deploy frontend	Run actions/checkout@v4	2026-07-03T17:30:07.4389417Z 7722861f8df41c838446b8761d59d3c624010e2b
Build and deploy frontend	Setup Node	´╗┐2026-07-03T17:30:07.4781290Z Node 20 is being deprecated. This workflow is running with Node 24 by default. If you need to temporarily use Node 20, you can set the ACTIONS_ALLOW_USE_UNSECURE_NODE_VERSION=true environment variable. For more information see: https://github.blog/changelog/2025-09-19-deprecation-of-node-20-on-github-actions-runners/
Build and deploy frontend	Setup Node	2026-07-03T17:30:07.4787472Z ##[group]Run actions/setup-node@v4
Build and deploy frontend	Setup Node	2026-07-03T17:30:07.4788573Z with:
Build and deploy frontend	Setup Node	2026-07-03T17:30:07.4789532Z   node-version: 20
Build and deploy frontend	Setup Node	2026-07-03T17:30:07.4790448Z   always-auth: false
Build and deploy frontend	Setup Node	2026-07-03T17:30:07.4791396Z   check-latest: false
Build and deploy frontend	Setup Node	2026-07-03T17:30:07.4801076Z   token: ***
Build and deploy frontend	Setup Node	2026-07-03T17:30:07.4801941Z ##[endgroup]
Build and deploy frontend	Setup Node	2026-07-03T17:30:07.6567683Z Attempting to download 20...
Build and deploy frontend	Setup Node	2026-07-03T17:30:07.6686271Z (node:2057) [DEP0040] DeprecationWarning: The `punycode` module is deprecated. Please use a userland alternative instead.
Build and deploy frontend	Setup Node	2026-07-03T17:30:07.6691808Z (Use `node --trace-deprecation ...` to show where the warning was created)
Build and deploy frontend	Setup Node	2026-07-03T17:30:08.3152466Z Acquiring 20.20.2 - x64 from https://github.com/actions/node-versions/releases/download/20.20.2-23521894959/node-20.20.2-linux-x64.tar.gz
Build and deploy frontend	Setup Node	2026-07-03T17:30:08.9289236Z Extracting ...
Build and deploy frontend	Setup Node	2026-07-03T17:30:08.9348609Z [command]/usr/bin/tar xz --strip 1 --warning=no-unknown-keyword --overwrite -C /home/runner/work/_temp/6cadbe50-3561-4957-b8d6-57eb02e228ce -f /home/runner/work/_temp/bc5f03c8-830e-4fea-b404-b9c7fdf0505d
Build and deploy frontend	Setup Node	2026-07-03T17:30:10.1347230Z Adding to the cache ...
Build and deploy frontend	Setup Node	2026-07-03T17:30:12.1835076Z ##[group]Environment details
Build and deploy frontend	Setup Node	2026-07-03T17:30:12.4650992Z node: v20.20.2
Build and deploy frontend	Setup Node	2026-07-03T17:30:12.4822061Z npm: 10.8.2
Build and deploy frontend	Setup Node	2026-07-03T17:30:12.4822486Z yarn: 1.22.22
Build and deploy frontend	Setup Node	2026-07-03T17:30:12.4823213Z ##[endgroup]
Build and deploy frontend	Install dependencies and build	´╗┐2026-07-03T17:30:12.4922128Z ##[group]Run cd frontend
Build and deploy frontend	Install dependencies and build	2026-07-03T17:30:12.4922522Z ^[[36;1mcd frontend^[[0m
Build and deploy frontend	Install dependencies and build	2026-07-03T17:30:12.4922757Z ^[[36;1mnpm ci^[[0m
Build and deploy frontend	Install dependencies and build	2026-07-03T17:30:12.4922985Z ^[[36;1mnpm run build^[[0m
Build and deploy frontend	Install dependencies and build	2026-07-03T17:30:12.5095358Z shell: /usr/bin/bash -e {0}
Build and deploy frontend	Install dependencies and build	2026-07-03T17:30:12.5095767Z ##[endgroup]
Build and deploy frontend	Install dependencies and build	2026-07-03T17:30:16.6541966Z 
Build and deploy frontend	Install dependencies and build	2026-07-03T17:30:16.6551697Z added 109 packages, and audited 110 packages in 4s
Build and deploy frontend	Install dependencies and build	2026-07-03T17:30:16.6553401Z 
Build and deploy frontend	Install dependencies and build	2026-07-03T17:30:16.6554156Z 19 packages are looking for funding
Build and deploy frontend	Install dependencies and build	2026-07-03T17:30:16.6555096Z   run `npm fund` for details
Build and deploy frontend	Install dependencies and build	2026-07-03T17:30:16.6555758Z 
Build and deploy frontend	Install dependencies and build	2026-07-03T17:30:16.6556217Z found 0 vulnerabilities
Build and deploy frontend	Install dependencies and build	2026-07-03T17:30:16.7979615Z 
Build and deploy frontend	Install dependencies and build	2026-07-03T17:30:16.7981125Z > control-dashboard@0.1.0 build
Build and deploy frontend	Install dependencies and build	2026-07-03T17:30:16.7999886Z > vite build
Build and deploy frontend	Install dependencies and build	2026-07-03T17:30:16.8013109Z 
Build and deploy frontend	Install dependencies and build	2026-07-03T17:30:17.4791196Z ^[[36mvite v8.1.3 ^[[32mbuilding client environment for production...^[[36m^[[39m
Build and deploy frontend	Install dependencies and build	2026-07-03T17:30:17.4967079Z ^[[2K
Build and deploy frontend	Install dependencies and build	2026-07-03T17:30:17.6151658Z transforming...Ô£ô 78 modules transformed.
Build and deploy frontend	Install dependencies and build	2026-07-03T17:30:17.6528373Z rendering chunks...
Build and deploy frontend	Install dependencies and build	2026-07-03T17:30:17.7022615Z computing gzip size...
Build and deploy frontend	Install dependencies and build	2026-07-03T17:30:17.7131801Z dist/index.html                          0.38 kB Ôöé gzip:   0.25 kB
Build and deploy frontend	Install dependencies and build	2026-07-03T17:30:17.7133059Z dist/assets/primeicons-C6QP2o4f.woff2   35.14 kB
Build and deploy frontend	Install dependencies and build	2026-07-03T17:30:17.7134195Z dist/assets/primeicons-MpK4pl85.ttf     84.98 kB
Build and deploy frontend	Install dependencies and build	2026-07-03T17:30:17.7135168Z dist/assets/primeicons-WjwUDZjB.woff    85.05 kB
Build and deploy frontend	Install dependencies and build	2026-07-03T17:30:17.7135997Z dist/assets/primeicons-DMOk5skT.eot     85.15 kB
Build and deploy frontend	Install dependencies and build	2026-07-03T17:30:17.7137187Z dist/assets/primeicons-Dr5RGzOO.svg    342.52 kB Ôöé gzip: 108.35 kB
Build and deploy frontend	Install dependencies and build	2026-07-03T17:30:17.7138290Z dist/assets/index-CaE8-N3u.css         189.72 kB Ôöé gzip:  21.67 kB
Build and deploy frontend	Install dependencies and build	2026-07-03T17:30:17.7139507Z dist/assets/index-B24fmCOH.js          266.92 kB Ôöé gzip:  85.76 kB
Build and deploy frontend	Install dependencies and build	2026-07-03T17:30:17.7140040Z 
Build and deploy frontend	Install dependencies and build	2026-07-03T17:30:17.7146480Z ^[[32mÔ£ô built in 232ms^[[39m
Build and deploy frontend	Deploy to GitHub Pages	´╗┐2026-07-03T17:30:17.7381314Z ##[group]Run peaceiris/actions-gh-pages@v4
Build and deploy frontend	Deploy to GitHub Pages	2026-07-03T17:30:17.7381669Z with:
Build and deploy frontend	Deploy to GitHub Pages	2026-07-03T17:30:17.7384068Z   github_token: ***
Build and deploy frontend	Deploy to GitHub Pages	2026-07-03T17:30:17.7384326Z   publish_dir: ./frontend/dist
Build and deploy frontend	Deploy to GitHub Pages	2026-07-03T17:30:17.7384597Z   publish_branch: gh-pages
Build and deploy frontend	Deploy to GitHub Pages	2026-07-03T17:30:17.7384850Z   user_name: github-actions
Build and deploy frontend	Deploy to GitHub Pages	2026-07-03T17:30:17.7385309Z   user_email: github-actions@github.com
Build and deploy frontend	Deploy to GitHub Pages	2026-07-03T17:30:17.7385592Z   allow_empty_commit: false
Build and deploy frontend	Deploy to GitHub Pages	2026-07-03T17:30:17.7385818Z   keep_files: false
Build and deploy frontend	Deploy to GitHub Pages	2026-07-03T17:30:17.7386039Z   force_orphan: false
Build and deploy frontend	Deploy to GitHub Pages	2026-07-03T17:30:17.7386262Z   enable_jekyll: false
Build and deploy frontend	Deploy to GitHub Pages	2026-07-03T17:30:17.7386488Z   disable_nojekyll: false
Build and deploy frontend	Deploy to GitHub Pages	2026-07-03T17:30:17.7386725Z   exclude_assets: .github
Build and deploy frontend	Deploy to GitHub Pages	2026-07-03T17:30:17.7386949Z ##[endgroup]
Build and deploy frontend	Deploy to GitHub Pages	2026-07-03T17:30:17.8499735Z [INFO] Usage https://github.com/peaceiris/actions-gh-pages#readme
Build and deploy frontend	Deploy to GitHub Pages	2026-07-03T17:30:17.8510098Z ##[group]Dump inputs
Build and deploy frontend	Deploy to GitHub Pages	2026-07-03T17:30:17.8510856Z [INFO] GithubToken: true
Build and deploy frontend	Deploy to GitHub Pages	2026-07-03T17:30:17.8511622Z [INFO] PublishBranch: gh-pages
Build and deploy frontend	Deploy to GitHub Pages	2026-07-03T17:30:17.8513366Z [INFO] PublishDir: ./frontend/dist
Build and deploy frontend	Deploy to GitHub Pages	2026-07-03T17:30:17.8520882Z [INFO] DestinationDir: 
Build and deploy frontend	Deploy to GitHub Pages	2026-07-03T17:30:17.8521599Z [INFO] ExternalRepository: 
Build and deploy frontend	Deploy to GitHub Pages	2026-07-03T17:30:17.8522395Z [INFO] AllowEmptyCommit: false
Build and deploy frontend	Deploy to GitHub Pages	2026-07-03T17:30:17.8523060Z [INFO] KeepFiles: false
Build and deploy frontend	Deploy to GitHub Pages	2026-07-03T17:30:17.8523676Z [INFO] ForceOrphan: false
Build and deploy frontend	Deploy to GitHub Pages	2026-07-03T17:30:17.8524367Z [INFO] UserName: github-actions
Build and deploy frontend	Deploy to GitHub Pages	2026-07-03T17:30:17.8525010Z [INFO] UserEmail: github-actions@github.com
Build and deploy frontend	Deploy to GitHub Pages	2026-07-03T17:30:17.8526106Z [INFO] CommitMessage: 
Build and deploy frontend	Deploy to GitHub Pages	2026-07-03T17:30:17.8527211Z [INFO] FullCommitMessage: 
Build and deploy frontend	Deploy to GitHub Pages	2026-07-03T17:30:17.8527823Z [INFO] TagName: 
Build and deploy frontend	Deploy to GitHub Pages	2026-07-03T17:30:17.8528351Z [INFO] TagMessage: 
Build and deploy frontend	Deploy to GitHub Pages	2026-07-03T17:30:17.8529310Z [INFO] EnableJekyll (DisableNoJekyll): false
Build and deploy frontend	Deploy to GitHub Pages	2026-07-03T17:30:17.8530130Z [INFO] CNAME: 
Build and deploy frontend	Deploy to GitHub Pages	2026-07-03T17:30:17.8530824Z [INFO] ExcludeAssets .github
Build and deploy frontend	Deploy to GitHub Pages	2026-07-03T17:30:17.8531245Z 
Build and deploy frontend	Deploy to GitHub Pages	2026-07-03T17:30:17.8531826Z ##[endgroup]
Build and deploy frontend	Deploy to GitHub Pages	2026-07-03T17:30:17.8532542Z ##[group]Setup auth token
Build and deploy frontend	Deploy to GitHub Pages	2026-07-03T17:30:17.8533199Z [INFO] setup GITHUB_TOKEN
Build and deploy frontend	Deploy to GitHub Pages	2026-07-03T17:30:17.8536075Z ##[endgroup]
Build and deploy frontend	Deploy to GitHub Pages	2026-07-03T17:30:17.8537033Z ##[group]Prepare publishing assets
Build and deploy frontend	Deploy to GitHub Pages	2026-07-03T17:30:17.8538598Z [INFO] ForceOrphan: false
Build and deploy frontend	Deploy to GitHub Pages	2026-07-03T17:30:17.8561842Z [command]/usr/bin/git clone --depth=1 --single-branch --branch gh-pages ***github.com/alanriverocd/workspace-bienestar.git /home/runner/actions_github_pages_1783099817850
Build and deploy frontend	Deploy to GitHub Pages	2026-07-03T17:30:17.8606620Z Cloning into '/home/runner/actions_github_pages_1783099817850'...
Build and deploy frontend	Deploy to GitHub Pages	2026-07-03T17:30:18.1426707Z fatal: Remote branch gh-pages not found in upstream origin
Build and deploy frontend	Deploy to GitHub Pages	2026-07-03T17:30:18.1505275Z [INFO] first deployment, create new branch gh-pages
Build and deploy frontend	Deploy to GitHub Pages	2026-07-03T17:30:18.1509732Z [INFO] The process '/usr/bin/git' failed with exit code 128
Build and deploy frontend	Deploy to GitHub Pages	2026-07-03T17:30:18.1510866Z [INFO] chdir /home/runner/actions_github_pages_1783099817850
Build and deploy frontend	Deploy to GitHub Pages	2026-07-03T17:30:18.1523231Z [command]/usr/bin/git init
Build and deploy frontend	Deploy to GitHub Pages	2026-07-03T17:30:18.1579049Z hint: Using 'master' as the name for the initial branch. This default branch name
Build and deploy frontend	Deploy to GitHub Pages	2026-07-03T17:30:18.1583344Z hint: will change to "main" in Git 3.0. To configure the initial branch name
Build and deploy frontend	Deploy to GitHub Pages	2026-07-03T17:30:18.1584620Z hint: to use in all of your new repositories, which will suppress this warning,
Build and deploy frontend	Deploy to GitHub Pages	2026-07-03T17:30:18.1585745Z hint: call:
Build and deploy frontend	Deploy to GitHub Pages	2026-07-03T17:30:18.1586228Z hint:
Build and deploy frontend	Deploy to GitHub Pages	2026-07-03T17:30:18.1586881Z hint: 	git config --global init.defaultBranch <name>
Build and deploy frontend	Deploy to GitHub Pages	2026-07-03T17:30:18.1587510Z hint:
Build and deploy frontend	Deploy to GitHub Pages	2026-07-03T17:30:18.1588284Z hint: Names commonly chosen instead of 'master' are 'main', 'trunk' and
Build and deploy frontend	Deploy to GitHub Pages	2026-07-03T17:30:18.1592822Z hint: 'development'. The just-created branch can be renamed via this command:
Build and deploy frontend	Deploy to GitHub Pages	2026-07-03T17:30:18.1595903Z hint:
Build and deploy frontend	Deploy to GitHub Pages	2026-07-03T17:30:18.1599564Z hint: 	git branch -m <name>
Build and deploy frontend	Deploy to GitHub Pages	2026-07-03T17:30:18.1600179Z hint:
Build and deploy frontend	Deploy to GitHub Pages	2026-07-03T17:30:18.1601063Z hint: Disable this message with "git config set advice.defaultBranchName false"
Build and deploy frontend	Deploy to GitHub Pages	2026-07-03T17:30:18.1602459Z Initialized empty Git repository in /home/runner/actions_github_pages_1783099817850/.git/
Build and deploy frontend	Deploy to GitHub Pages	2026-07-03T17:30:18.1605007Z [command]/usr/bin/git checkout --orphan gh-pages
Build and deploy frontend	Deploy to GitHub Pages	2026-07-03T17:30:18.1669798Z Switched to a new branch 'gh-pages'
Build and deploy frontend	Deploy to GitHub Pages	2026-07-03T17:30:18.1674495Z [INFO] prepare publishing assets
Build and deploy frontend	Deploy to GitHub Pages	2026-07-03T17:30:18.1680917Z [INFO] copy /home/runner/work/workspace-bienestar/workspace-bienestar/frontend/dist to /home/runner/actions_github_pages_1783099817850
Build and deploy frontend	Deploy to GitHub Pages	2026-07-03T17:30:18.1748332Z [INFO] delete excluded assets
Build and deploy frontend	Deploy to GitHub Pages	2026-07-03T17:30:18.1983481Z [INFO] Created /home/runner/actions_github_pages_1783099817850/.nojekyll
Build and deploy frontend	Deploy to GitHub Pages	2026-07-03T17:30:18.2000506Z ##[endgroup]
Build and deploy frontend	Deploy to GitHub Pages	2026-07-03T17:30:18.2011993Z ##[group]Setup Git config
Build and deploy frontend	Deploy to GitHub Pages	2026-07-03T17:30:18.2029693Z [command]/usr/bin/git remote rm origin
Build and deploy frontend	Deploy to GitHub Pages	2026-07-03T17:30:18.2047984Z error: No such remote: 'origin'
Build and deploy frontend	Deploy to GitHub Pages	2026-07-03T17:30:18.2049166Z [INFO] The process '/usr/bin/git' failed with exit code 2
Build and deploy frontend	Deploy to GitHub Pages	2026-07-03T17:30:18.2055637Z [command]/usr/bin/git remote add origin ***github.com/alanriverocd/workspace-bienestar.git
Build and deploy frontend	Deploy to GitHub Pages	2026-07-03T17:30:18.2056801Z [command]/usr/bin/git add --all
Build and deploy frontend	Deploy to GitHub Pages	2026-07-03T17:30:18.2264977Z [command]/usr/bin/git config user.name github-actions
Build and deploy frontend	Deploy to GitHub Pages	2026-07-03T17:30:18.2324695Z [command]/usr/bin/git config user.email github-actions@github.com
Build and deploy frontend	Deploy to GitHub Pages	2026-07-03T17:30:18.2360003Z ##[endgroup]
Build and deploy frontend	Deploy to GitHub Pages	2026-07-03T17:30:18.2361104Z ##[group]Create a commit
Build and deploy frontend	Deploy to GitHub Pages	2026-07-03T17:30:18.2373565Z [command]/usr/bin/git commit -m deploy: 7722861f8df41c838446b8761d59d3c624010e2b
Build and deploy frontend	Deploy to GitHub Pages	2026-07-03T17:30:18.2500530Z [gh-pages (root-commit) 106b7a6] deploy: 7722861f8df41c838446b8761d59d3c624010e2b
Build and deploy frontend	Deploy to GitHub Pages	2026-07-03T17:30:18.2501663Z  9 files changed, 444 insertions(+)
Build and deploy frontend	Deploy to GitHub Pages	2026-07-03T17:30:18.2502233Z  create mode 100644 .nojekyll
Build and deploy frontend	Deploy to GitHub Pages	2026-07-03T17:30:18.2502760Z  create mode 100644 assets/index-B24fmCOH.js
Build and deploy frontend	Deploy to GitHub Pages	2026-07-03T17:30:18.2503378Z  create mode 100644 assets/index-CaE8-N3u.css
Build and deploy frontend	Deploy to GitHub Pages	2026-07-03T17:30:18.2504053Z  create mode 100644 assets/primeicons-C6QP2o4f.woff2
Build and deploy frontend	Deploy to GitHub Pages	2026-07-03T17:30:18.2504739Z  create mode 100644 assets/primeicons-DMOk5skT.eot
Build and deploy frontend	Deploy to GitHub Pages	2026-07-03T17:30:18.2505418Z  create mode 100644 assets/primeicons-Dr5RGzOO.svg
Build and deploy frontend	Deploy to GitHub Pages	2026-07-03T17:30:18.2506031Z  create mode 100644 assets/primeicons-MpK4pl85.ttf
Build and deploy frontend	Deploy to GitHub Pages	2026-07-03T17:30:18.2506676Z  create mode 100644 assets/primeicons-WjwUDZjB.woff
Build and deploy frontend	Deploy to GitHub Pages	2026-07-03T17:30:18.2507328Z  create mode 100644 index.html
Build and deploy frontend	Deploy to GitHub Pages	2026-07-03T17:30:18.2508210Z ##[endgroup]
Build and deploy frontend	Deploy to GitHub Pages	2026-07-03T17:30:18.2509244Z ##[group]Push the commit or tag
Build and deploy frontend	Deploy to GitHub Pages	2026-07-03T17:30:18.2522740Z [command]/usr/bin/git push origin gh-pages
Build and deploy frontend	Deploy to GitHub Pages	2026-07-03T17:30:18.4324333Z remote: Write access to repository not granted.
Build and deploy frontend	Deploy to GitHub Pages	2026-07-03T17:30:18.4325648Z fatal: unable to access 'https://github.com/alanriverocd/workspace-bienestar.git/': The requested URL returned error: 403
Build and deploy frontend	Deploy to GitHub Pages	2026-07-03T17:30:18.4415932Z ##[error]Action failed with "The process '/usr/bin/git' failed with exit code 128"
Build and deploy frontend	Post Run actions/checkout@v4	´╗┐2026-07-03T17:30:18.4588460Z Node 20 is being deprecated. This workflow is running with Node 24 by default. If you need to temporarily use Node 20, you can set the ACTIONS_ALLOW_USE_UNSECURE_NODE_VERSION=true environment variable. For more information see: https://github.blog/changelog/2025-09-19-deprecation-of-node-20-on-github-actions-runners/
Build and deploy frontend	Post Run actions/checkout@v4	2026-07-03T17:30:18.4590008Z Post job cleanup.
Build and deploy frontend	Post Run actions/checkout@v4	2026-07-03T17:30:18.5541443Z [command]/usr/bin/git version
Build and deploy frontend	Post Run actions/checkout@v4	2026-07-03T17:30:18.5584898Z git version 2.54.0
Build and deploy frontend	Post Run actions/checkout@v4	2026-07-03T17:30:18.5625385Z Temporarily overriding HOME='/home/runner/work/_temp/39e144d6-a3d9-415c-9488-c3aee66f5580' before making global git config changes
Build and deploy frontend	Post Run actions/checkout@v4	2026-07-03T17:30:18.5627054Z Adding repository directory to the temporary git global config as a safe directory
Build and deploy frontend	Post Run actions/checkout@v4	2026-07-03T17:30:18.5632905Z [command]/usr/bin/git config --global --add safe.directory /home/runner/work/workspace-bienestar/workspace-bienestar
Build and deploy frontend	Post Run actions/checkout@v4	2026-07-03T17:30:18.5679484Z [command]/usr/bin/git config --local --name-only --get-regexp core\.sshCommand
Build and deploy frontend	Post Run actions/checkout@v4	2026-07-03T17:30:18.5724210Z [command]/usr/bin/git submodule foreach --recursive sh -c "git config --local --name-only --get-regexp 'core\.sshCommand' && git config --local --unset-all 'core.sshCommand' || :"
Build and deploy frontend	Post Run actions/checkout@v4	2026-07-03T17:30:18.5995862Z [command]/usr/bin/git config --local --name-only --get-regexp http\.https\:\/\/github\.com\/\.extraheader
Build and deploy frontend	Post Run actions/checkout@v4	2026-07-03T17:30:18.6031921Z http.https://github.com/.extraheader
Build and deploy frontend	Post Run actions/checkout@v4	2026-07-03T17:30:18.6050288Z [command]/usr/bin/git config --local --unset-all http.https://github.com/.extraheader
Build and deploy frontend	Post Run actions/checkout@v4	2026-07-03T17:30:18.6094395Z [command]/usr/bin/git submodule foreach --recursive sh -c "git config --local --name-only --get-regexp 'http\.https\:\/\/github\.com\/\.extraheader' && git config --local --unset-all 'http.https://github.com/.extraheader' || :"
Build and deploy frontend	Post Run actions/checkout@v4	2026-07-03T17:30:18.6387542Z [command]/usr/bin/git config --local --name-only --get-regexp ^includeIf\.gitdir:
Build and deploy frontend	Post Run actions/checkout@v4	2026-07-03T17:30:18.6430527Z [command]/usr/bin/git submodule foreach --recursive git config --local --show-origin --name-only --get-regexp remote.origin.url
Build and deploy frontend	Complete job	´╗┐2026-07-03T17:30:18.6853145Z Cleaning up orphan processes
Build and deploy frontend	Complete job	2026-07-03T17:30:18.7137515Z ##[warning]Node.js 20 is deprecated. The following actions target Node.js 20 but are being forced to run on Node.js 24: actions/checkout@v4, actions/setup-node@v4. For more information see: https://github.blog/changelog/2025-09-19-deprecation-of-node-20-on-github-actions-runners/
