Build and deploy frontend	Set up job	´╗┐2026-07-03T17:34:49.9140231Z Current runner version: '2.335.1'
Build and deploy frontend	Set up job	2026-07-03T17:34:49.9175911Z ##[group]Runner Image Provisioner
Build and deploy frontend	Set up job	2026-07-03T17:34:49.9177217Z Hosted Compute Agent
Build and deploy frontend	Set up job	2026-07-03T17:34:49.9178310Z Version: 20260624.560
Build and deploy frontend	Set up job	2026-07-03T17:34:49.9179383Z Commit: 925d229a51159bc391ae97e54a2dd1fe20af789d
Build and deploy frontend	Set up job	2026-07-03T17:34:49.9180565Z Build Date: 2026-06-24T18:26:47Z
Build and deploy frontend	Set up job	2026-07-03T17:34:49.9181782Z Worker ID: {9ed9a795-3a85-4211-8304-c724b4fa5eac}
Build and deploy frontend	Set up job	2026-07-03T17:34:49.9183148Z Azure Region: centralus
Build and deploy frontend	Set up job	2026-07-03T17:34:49.9184149Z ##[endgroup]
Build and deploy frontend	Set up job	2026-07-03T17:34:49.9187318Z ##[group]Operating System
Build and deploy frontend	Set up job	2026-07-03T17:34:49.9188687Z Ubuntu
Build and deploy frontend	Set up job	2026-07-03T17:34:49.9190079Z 24.04.4
Build and deploy frontend	Set up job	2026-07-03T17:34:49.9191017Z LTS
Build and deploy frontend	Set up job	2026-07-03T17:34:49.9191817Z ##[endgroup]
Build and deploy frontend	Set up job	2026-07-03T17:34:49.9192893Z ##[group]Runner Image
Build and deploy frontend	Set up job	2026-07-03T17:34:49.9193914Z Image: ubuntu-24.04
Build and deploy frontend	Set up job	2026-07-03T17:34:49.9194781Z Version: 20260628.225.1
Build and deploy frontend	Set up job	2026-07-03T17:34:49.9197096Z Included Software: https://github.com/actions/runner-images/blob/ubuntu24/20260628.225/images/ubuntu/Ubuntu2404-Readme.md
Build and deploy frontend	Set up job	2026-07-03T17:34:49.9200245Z Image Release: https://github.com/actions/runner-images/releases/tag/ubuntu24%2F20260628.225
Build and deploy frontend	Set up job	2026-07-03T17:34:49.9201880Z ##[endgroup]
Build and deploy frontend	Set up job	2026-07-03T17:34:49.9203647Z ##[group]GITHUB_TOKEN Permissions
Build and deploy frontend	Set up job	2026-07-03T17:34:49.9206721Z Contents: write
Build and deploy frontend	Set up job	2026-07-03T17:34:49.9207632Z Metadata: read
Build and deploy frontend	Set up job	2026-07-03T17:34:49.9209250Z ##[endgroup]
Build and deploy frontend	Set up job	2026-07-03T17:34:49.9212175Z Secret source: Actions
Build and deploy frontend	Set up job	2026-07-03T17:34:49.9213732Z Prepare workflow directory
Build and deploy frontend	Set up job	2026-07-03T17:34:50.0579667Z Prepare all required actions
Build and deploy frontend	Set up job	2026-07-03T17:34:50.0688297Z Getting action download info
Build and deploy frontend	Set up job	2026-07-03T17:34:50.3900099Z Download action repository 'actions/checkout@v4' (SHA:34e114876b0b11c390a56381ad16ebd13914f8d5)
Build and deploy frontend	Set up job	2026-07-03T17:34:50.7459465Z Download action repository 'actions/setup-node@v4' (SHA:49933ea5288caeca8642d1e84afbd3f7d6820020)
Build and deploy frontend	Set up job	2026-07-03T17:34:51.0293479Z Download action repository 'peaceiris/actions-gh-pages@v4' (SHA:84c30a85c19949d7eee79c4ff27748b70285e453)
Build and deploy frontend	Set up job	2026-07-03T17:34:51.5486249Z Complete job name: Build and deploy frontend
Build and deploy frontend	Run actions/checkout@v4	´╗┐2026-07-03T17:34:51.6230103Z Node 20 is being deprecated. This workflow is running with Node 24 by default. If you need to temporarily use Node 20, you can set the ACTIONS_ALLOW_USE_UNSECURE_NODE_VERSION=true environment variable. For more information see: https://github.blog/changelog/2025-09-19-deprecation-of-node-20-on-github-actions-runners/
Build and deploy frontend	Run actions/checkout@v4	2026-07-03T17:34:51.6238698Z ##[group]Run actions/checkout@v4
Build and deploy frontend	Run actions/checkout@v4	2026-07-03T17:34:51.6239499Z with:
Build and deploy frontend	Run actions/checkout@v4	2026-07-03T17:34:51.6240006Z   repository: alanriverocd/workspace-bienestar
Build and deploy frontend	Run actions/checkout@v4	2026-07-03T17:34:51.6243852Z   token: ***
Build and deploy frontend	Run actions/checkout@v4	2026-07-03T17:34:51.6244289Z   ssh-strict: true
Build and deploy frontend	Run actions/checkout@v4	2026-07-03T17:34:51.6244737Z   ssh-user: git
Build and deploy frontend	Run actions/checkout@v4	2026-07-03T17:34:51.6245181Z   persist-credentials: true
Build and deploy frontend	Run actions/checkout@v4	2026-07-03T17:34:51.6246110Z   clean: true
Build and deploy frontend	Run actions/checkout@v4	2026-07-03T17:34:51.6246630Z   sparse-checkout-cone-mode: true
Build and deploy frontend	Run actions/checkout@v4	2026-07-03T17:34:51.6247156Z   fetch-depth: 1
Build and deploy frontend	Run actions/checkout@v4	2026-07-03T17:34:51.6247588Z   fetch-tags: false
Build and deploy frontend	Run actions/checkout@v4	2026-07-03T17:34:51.6248038Z   show-progress: true
Build and deploy frontend	Run actions/checkout@v4	2026-07-03T17:34:51.6248501Z   lfs: false
Build and deploy frontend	Run actions/checkout@v4	2026-07-03T17:34:51.6248943Z   submodules: false
Build and deploy frontend	Run actions/checkout@v4	2026-07-03T17:34:51.6249437Z   set-safe-directory: true
Build and deploy frontend	Run actions/checkout@v4	2026-07-03T17:34:51.6250262Z ##[endgroup]
Build and deploy frontend	Run actions/checkout@v4	2026-07-03T17:34:51.7404930Z Syncing repository: alanriverocd/workspace-bienestar
Build and deploy frontend	Run actions/checkout@v4	2026-07-03T17:34:51.7408566Z ##[group]Getting Git version info
Build and deploy frontend	Run actions/checkout@v4	2026-07-03T17:34:51.7410053Z Working directory is '/home/runner/work/workspace-bienestar/workspace-bienestar'
Build and deploy frontend	Run actions/checkout@v4	2026-07-03T17:34:51.7412047Z [command]/usr/bin/git version
Build and deploy frontend	Run actions/checkout@v4	2026-07-03T17:34:51.7489746Z git version 2.54.0
Build and deploy frontend	Run actions/checkout@v4	2026-07-03T17:34:51.7516053Z ##[endgroup]
Build and deploy frontend	Run actions/checkout@v4	2026-07-03T17:34:51.7532378Z Temporarily overriding HOME='/home/runner/work/_temp/bc29f508-8c34-45fd-b42c-a96e80766a8a' before making global git config changes
Build and deploy frontend	Run actions/checkout@v4	2026-07-03T17:34:51.7540173Z Adding repository directory to the temporary git global config as a safe directory
Build and deploy frontend	Run actions/checkout@v4	2026-07-03T17:34:51.7547344Z [command]/usr/bin/git config --global --add safe.directory /home/runner/work/workspace-bienestar/workspace-bienestar
Build and deploy frontend	Run actions/checkout@v4	2026-07-03T17:34:51.7610061Z Deleting the contents of '/home/runner/work/workspace-bienestar/workspace-bienestar'
Build and deploy frontend	Run actions/checkout@v4	2026-07-03T17:34:51.7612928Z ##[group]Initializing the repository
Build and deploy frontend	Run actions/checkout@v4	2026-07-03T17:34:51.7614201Z [command]/usr/bin/git init /home/runner/work/workspace-bienestar/workspace-bienestar
Build and deploy frontend	Run actions/checkout@v4	2026-07-03T17:34:51.7724586Z hint: Using 'master' as the name for the initial branch. This default branch name
Build and deploy frontend	Run actions/checkout@v4	2026-07-03T17:34:51.7726664Z hint: will change to "main" in Git 3.0. To configure the initial branch name
Build and deploy frontend	Run actions/checkout@v4	2026-07-03T17:34:51.7728820Z hint: to use in all of your new repositories, which will suppress this warning,
Build and deploy frontend	Run actions/checkout@v4	2026-07-03T17:34:51.7730478Z hint: call:
Build and deploy frontend	Run actions/checkout@v4	2026-07-03T17:34:51.7731900Z hint:
Build and deploy frontend	Run actions/checkout@v4	2026-07-03T17:34:51.7735117Z hint: 	git config --global init.defaultBranch <name>
Build and deploy frontend	Run actions/checkout@v4	2026-07-03T17:34:51.7737018Z hint:
Build and deploy frontend	Run actions/checkout@v4	2026-07-03T17:34:51.7738577Z hint: Names commonly chosen instead of 'master' are 'main', 'trunk' and
Build and deploy frontend	Run actions/checkout@v4	2026-07-03T17:34:51.7740743Z hint: 'development'. The just-created branch can be renamed via this command:
Build and deploy frontend	Run actions/checkout@v4	2026-07-03T17:34:51.7742504Z hint:
Build and deploy frontend	Run actions/checkout@v4	2026-07-03T17:34:51.7743575Z hint: 	git branch -m <name>
Build and deploy frontend	Run actions/checkout@v4	2026-07-03T17:34:51.7744845Z hint:
Build and deploy frontend	Run actions/checkout@v4	2026-07-03T17:34:51.7746834Z hint: Disable this message with "git config set advice.defaultBranchName false"
Build and deploy frontend	Run actions/checkout@v4	2026-07-03T17:34:51.7749445Z Initialized empty Git repository in /home/runner/work/workspace-bienestar/workspace-bienestar/.git/
Build and deploy frontend	Run actions/checkout@v4	2026-07-03T17:34:51.7753474Z [command]/usr/bin/git remote add origin https://github.com/alanriverocd/workspace-bienestar
Build and deploy frontend	Run actions/checkout@v4	2026-07-03T17:34:51.7798593Z ##[endgroup]
Build and deploy frontend	Run actions/checkout@v4	2026-07-03T17:34:51.7800425Z ##[group]Disabling automatic garbage collection
Build and deploy frontend	Run actions/checkout@v4	2026-07-03T17:34:51.7802458Z [command]/usr/bin/git config --local gc.auto 0
Build and deploy frontend	Run actions/checkout@v4	2026-07-03T17:34:51.7843911Z ##[endgroup]
Build and deploy frontend	Run actions/checkout@v4	2026-07-03T17:34:51.7845464Z ##[group]Setting up auth
Build and deploy frontend	Run actions/checkout@v4	2026-07-03T17:34:51.7847365Z [command]/usr/bin/git config --local --name-only --get-regexp core\.sshCommand
Build and deploy frontend	Run actions/checkout@v4	2026-07-03T17:34:51.7898379Z [command]/usr/bin/git submodule foreach --recursive sh -c "git config --local --name-only --get-regexp 'core\.sshCommand' && git config --local --unset-all 'core.sshCommand' || :"
Build and deploy frontend	Run actions/checkout@v4	2026-07-03T17:34:51.8236631Z [command]/usr/bin/git config --local --name-only --get-regexp http\.https\:\/\/github\.com\/\.extraheader
Build and deploy frontend	Run actions/checkout@v4	2026-07-03T17:34:51.8270550Z [command]/usr/bin/git submodule foreach --recursive sh -c "git config --local --name-only --get-regexp 'http\.https\:\/\/github\.com\/\.extraheader' && git config --local --unset-all 'http.https://github.com/.extraheader' || :"
Build and deploy frontend	Run actions/checkout@v4	2026-07-03T17:34:51.8592888Z [command]/usr/bin/git config --local --name-only --get-regexp ^includeIf\.gitdir:
Build and deploy frontend	Run actions/checkout@v4	2026-07-03T17:34:51.8632589Z [command]/usr/bin/git submodule foreach --recursive git config --local --show-origin --name-only --get-regexp remote.origin.url
Build and deploy frontend	Run actions/checkout@v4	2026-07-03T17:34:51.8905975Z [command]/usr/bin/git config --local http.https://github.com/.extraheader AUTHORIZATION: basic ***
Build and deploy frontend	Run actions/checkout@v4	2026-07-03T17:34:51.8952287Z ##[endgroup]
Build and deploy frontend	Run actions/checkout@v4	2026-07-03T17:34:51.8953974Z ##[group]Fetching the repository
Build and deploy frontend	Run actions/checkout@v4	2026-07-03T17:34:51.8957139Z [command]/usr/bin/git -c protocol.version=2 fetch --no-tags --prune --no-recurse-submodules --depth=1 origin +9b5e9d3ec5ed927ce32b892ec75fd567d711253a:refs/remotes/origin/main
Build and deploy frontend	Run actions/checkout@v4	2026-07-03T17:34:52.2546748Z From https://github.com/alanriverocd/workspace-bienestar
Build and deploy frontend	Run actions/checkout@v4	2026-07-03T17:34:52.2550255Z  * [new ref]         9b5e9d3ec5ed927ce32b892ec75fd567d711253a -> origin/main
Build and deploy frontend	Run actions/checkout@v4	2026-07-03T17:34:52.2587046Z ##[endgroup]
Build and deploy frontend	Run actions/checkout@v4	2026-07-03T17:34:52.2588428Z ##[group]Determining the checkout info
Build and deploy frontend	Run actions/checkout@v4	2026-07-03T17:34:52.2590163Z ##[endgroup]
Build and deploy frontend	Run actions/checkout@v4	2026-07-03T17:34:52.2597423Z [command]/usr/bin/git sparse-checkout disable
Build and deploy frontend	Run actions/checkout@v4	2026-07-03T17:34:52.2648030Z [command]/usr/bin/git config --local --unset-all extensions.worktreeConfig
Build and deploy frontend	Run actions/checkout@v4	2026-07-03T17:34:52.2673483Z ##[group]Checking out the ref
Build and deploy frontend	Run actions/checkout@v4	2026-07-03T17:34:52.2678082Z [command]/usr/bin/git checkout --progress --force -B main refs/remotes/origin/main
Build and deploy frontend	Run actions/checkout@v4	2026-07-03T17:34:52.2761567Z Switched to a new branch 'main'
Build and deploy frontend	Run actions/checkout@v4	2026-07-03T17:34:52.2763123Z branch 'main' set up to track 'origin/main'.
Build and deploy frontend	Run actions/checkout@v4	2026-07-03T17:34:52.2767341Z ##[endgroup]
Build and deploy frontend	Run actions/checkout@v4	2026-07-03T17:34:52.2806698Z [command]/usr/bin/git log -1 --format=%H
Build and deploy frontend	Run actions/checkout@v4	2026-07-03T17:34:52.2840778Z 9b5e9d3ec5ed927ce32b892ec75fd567d711253a
Build and deploy frontend	Setup Node	´╗┐2026-07-03T17:34:52.3128029Z Node 20 is being deprecated. This workflow is running with Node 24 by default. If you need to temporarily use Node 20, you can set the ACTIONS_ALLOW_USE_UNSECURE_NODE_VERSION=true environment variable. For more information see: https://github.blog/changelog/2025-09-19-deprecation-of-node-20-on-github-actions-runners/
Build and deploy frontend	Setup Node	2026-07-03T17:34:52.3130679Z ##[group]Run actions/setup-node@v4
Build and deploy frontend	Setup Node	2026-07-03T17:34:52.3131206Z with:
Build and deploy frontend	Setup Node	2026-07-03T17:34:52.3131600Z   node-version: 20
Build and deploy frontend	Setup Node	2026-07-03T17:34:52.3132026Z   always-auth: false
Build and deploy frontend	Setup Node	2026-07-03T17:34:52.3132463Z   check-latest: false
Build and deploy frontend	Setup Node	2026-07-03T17:34:52.3136285Z   token: ***
Build and deploy frontend	Setup Node	2026-07-03T17:34:52.3136713Z ##[endgroup]
Build and deploy frontend	Setup Node	2026-07-03T17:34:52.4784852Z Attempting to download 20...
Build and deploy frontend	Setup Node	2026-07-03T17:34:52.4894125Z (node:2051) [DEP0040] DeprecationWarning: The `punycode` module is deprecated. Please use a userland alternative instead.
Build and deploy frontend	Setup Node	2026-07-03T17:34:52.4897523Z (Use `node --trace-deprecation ...` to show where the warning was created)
Build and deploy frontend	Setup Node	2026-07-03T17:34:53.1836900Z Acquiring 20.20.2 - x64 from https://github.com/actions/node-versions/releases/download/20.20.2-23521894959/node-20.20.2-linux-x64.tar.gz
Build and deploy frontend	Setup Node	2026-07-03T17:34:53.8057517Z Extracting ...
Build and deploy frontend	Setup Node	2026-07-03T17:34:53.8158223Z [command]/usr/bin/tar xz --strip 1 --warning=no-unknown-keyword --overwrite -C /home/runner/work/_temp/09ef4610-3890-478e-ac73-9bd3c8cb5a21 -f /home/runner/work/_temp/218fc5fb-4777-4e81-93f8-2f18c43f681b
Build and deploy frontend	Setup Node	2026-07-03T17:34:54.9730849Z Adding to the cache ...
Build and deploy frontend	Setup Node	2026-07-03T17:34:58.1139560Z ##[group]Environment details
Build and deploy frontend	Setup Node	2026-07-03T17:34:58.3888308Z node: v20.20.2
Build and deploy frontend	Setup Node	2026-07-03T17:34:58.3889510Z npm: 10.8.2
Build and deploy frontend	Setup Node	2026-07-03T17:34:58.3906574Z yarn: 1.22.22
Build and deploy frontend	Setup Node	2026-07-03T17:34:58.3913568Z ##[endgroup]
Build and deploy frontend	Install dependencies and build	´╗┐2026-07-03T17:34:58.4109763Z ##[group]Run cd frontend
Build and deploy frontend	Install dependencies and build	2026-07-03T17:34:58.4110108Z ^[[36;1mcd frontend^[[0m
Build and deploy frontend	Install dependencies and build	2026-07-03T17:34:58.4110343Z ^[[36;1mnpm ci^[[0m
Build and deploy frontend	Install dependencies and build	2026-07-03T17:34:58.4110550Z ^[[36;1mnpm run build^[[0m
Build and deploy frontend	Install dependencies and build	2026-07-03T17:34:58.4284944Z shell: /usr/bin/bash -e {0}
Build and deploy frontend	Install dependencies and build	2026-07-03T17:34:58.4285293Z ##[endgroup]
Build and deploy frontend	Install dependencies and build	2026-07-03T17:35:02.5979551Z 
Build and deploy frontend	Install dependencies and build	2026-07-03T17:35:02.5990078Z added 109 packages, and audited 110 packages in 4s
Build and deploy frontend	Install dependencies and build	2026-07-03T17:35:02.5991170Z 
Build and deploy frontend	Install dependencies and build	2026-07-03T17:35:02.5991741Z 19 packages are looking for funding
Build and deploy frontend	Install dependencies and build	2026-07-03T17:35:02.5992544Z   run `npm fund` for details
Build and deploy frontend	Install dependencies and build	2026-07-03T17:35:02.5993151Z 
Build and deploy frontend	Install dependencies and build	2026-07-03T17:35:02.5993575Z found 0 vulnerabilities
Build and deploy frontend	Install dependencies and build	2026-07-03T17:35:02.7277421Z 
Build and deploy frontend	Install dependencies and build	2026-07-03T17:35:02.7278439Z > control-dashboard@0.1.0 build
Build and deploy frontend	Install dependencies and build	2026-07-03T17:35:02.7279379Z > vite build
Build and deploy frontend	Install dependencies and build	2026-07-03T17:35:02.7279849Z 
Build and deploy frontend	Install dependencies and build	2026-07-03T17:35:02.9471966Z ^[[36mvite v8.1.3 ^[[32mbuilding client environment for production...^[[36m^[[39m
Build and deploy frontend	Install dependencies and build	2026-07-03T17:35:02.9611846Z ^[[2K
Build and deploy frontend	Install dependencies and build	2026-07-03T17:35:03.0816265Z transforming...Ô£ô 78 modules transformed.
Build and deploy frontend	Install dependencies and build	2026-07-03T17:35:03.1137065Z rendering chunks...
Build and deploy frontend	Install dependencies and build	2026-07-03T17:35:03.1552117Z computing gzip size...
Build and deploy frontend	Install dependencies and build	2026-07-03T17:35:03.1643665Z dist/index.html                          0.38 kB Ôöé gzip:   0.25 kB
Build and deploy frontend	Install dependencies and build	2026-07-03T17:35:03.1644669Z dist/assets/primeicons-C6QP2o4f.woff2   35.14 kB
Build and deploy frontend	Install dependencies and build	2026-07-03T17:35:03.1646339Z dist/assets/primeicons-MpK4pl85.ttf     84.98 kB
Build and deploy frontend	Install dependencies and build	2026-07-03T17:35:03.1647268Z dist/assets/primeicons-WjwUDZjB.woff    85.05 kB
Build and deploy frontend	Install dependencies and build	2026-07-03T17:35:03.1648320Z dist/assets/primeicons-DMOk5skT.eot     85.15 kB
Build and deploy frontend	Install dependencies and build	2026-07-03T17:35:03.1649763Z dist/assets/primeicons-Dr5RGzOO.svg    342.52 kB Ôöé gzip: 108.35 kB
Build and deploy frontend	Install dependencies and build	2026-07-03T17:35:03.1651268Z dist/assets/index-CaE8-N3u.css         189.72 kB Ôöé gzip:  21.67 kB
Build and deploy frontend	Install dependencies and build	2026-07-03T17:35:03.1652824Z dist/assets/index-B24fmCOH.js          266.92 kB Ôöé gzip:  85.76 kB
Build and deploy frontend	Install dependencies and build	2026-07-03T17:35:03.1653819Z 
Build and deploy frontend	Install dependencies and build	2026-07-03T17:35:03.1654452Z ^[[32mÔ£ô built in 216ms^[[39m
Build and deploy frontend	Deploy to GitHub Pages	´╗┐2026-07-03T17:35:03.1864899Z ##[group]Run peaceiris/actions-gh-pages@v4
Build and deploy frontend	Deploy to GitHub Pages	2026-07-03T17:35:03.1865237Z with:
Build and deploy frontend	Deploy to GitHub Pages	2026-07-03T17:35:03.1868203Z   github_token: ***
Build and deploy frontend	Deploy to GitHub Pages	2026-07-03T17:35:03.1868446Z   publish_dir: ./frontend/dist
Build and deploy frontend	Deploy to GitHub Pages	2026-07-03T17:35:03.1868697Z   publish_branch: gh-pages
Build and deploy frontend	Deploy to GitHub Pages	2026-07-03T17:35:03.1868927Z   user_name: github-actions
Build and deploy frontend	Deploy to GitHub Pages	2026-07-03T17:35:03.1869166Z   user_email: github-actions@github.com
Build and deploy frontend	Deploy to GitHub Pages	2026-07-03T17:35:03.1869634Z   allow_empty_commit: false
Build and deploy frontend	Deploy to GitHub Pages	2026-07-03T17:35:03.1869856Z   keep_files: false
Build and deploy frontend	Deploy to GitHub Pages	2026-07-03T17:35:03.1870063Z   force_orphan: false
Build and deploy frontend	Deploy to GitHub Pages	2026-07-03T17:35:03.1870271Z   enable_jekyll: false
Build and deploy frontend	Deploy to GitHub Pages	2026-07-03T17:35:03.1870482Z   disable_nojekyll: false
Build and deploy frontend	Deploy to GitHub Pages	2026-07-03T17:35:03.1870698Z   exclude_assets: .github
Build and deploy frontend	Deploy to GitHub Pages	2026-07-03T17:35:03.1870911Z ##[endgroup]
Build and deploy frontend	Deploy to GitHub Pages	2026-07-03T17:35:03.2915211Z [INFO] Usage https://github.com/peaceiris/actions-gh-pages#readme
Build and deploy frontend	Deploy to GitHub Pages	2026-07-03T17:35:03.2921044Z ##[group]Dump inputs
Build and deploy frontend	Deploy to GitHub Pages	2026-07-03T17:35:03.2922019Z [INFO] GithubToken: true
Build and deploy frontend	Deploy to GitHub Pages	2026-07-03T17:35:03.2922935Z [INFO] PublishBranch: gh-pages
Build and deploy frontend	Deploy to GitHub Pages	2026-07-03T17:35:03.2923818Z [INFO] PublishDir: ./frontend/dist
Build and deploy frontend	Deploy to GitHub Pages	2026-07-03T17:35:03.2924770Z [INFO] DestinationDir: 
Build and deploy frontend	Deploy to GitHub Pages	2026-07-03T17:35:03.2925783Z [INFO] ExternalRepository: 
Build and deploy frontend	Deploy to GitHub Pages	2026-07-03T17:35:03.2926667Z [INFO] AllowEmptyCommit: false
Build and deploy frontend	Deploy to GitHub Pages	2026-07-03T17:35:03.2929671Z [INFO] KeepFiles: false
Build and deploy frontend	Deploy to GitHub Pages	2026-07-03T17:35:03.2930437Z [INFO] ForceOrphan: false
Build and deploy frontend	Deploy to GitHub Pages	2026-07-03T17:35:03.2936366Z [INFO] UserName: github-actions
Build and deploy frontend	Deploy to GitHub Pages	2026-07-03T17:35:03.2937515Z [INFO] UserEmail: github-actions@github.com
Build and deploy frontend	Deploy to GitHub Pages	2026-07-03T17:35:03.2938399Z [INFO] CommitMessage: 
Build and deploy frontend	Deploy to GitHub Pages	2026-07-03T17:35:03.2939146Z [INFO] FullCommitMessage: 
Build and deploy frontend	Deploy to GitHub Pages	2026-07-03T17:35:03.2939877Z [INFO] TagName: 
Build and deploy frontend	Deploy to GitHub Pages	2026-07-03T17:35:03.2940538Z [INFO] TagMessage: 
Build and deploy frontend	Deploy to GitHub Pages	2026-07-03T17:35:03.2941504Z [INFO] EnableJekyll (DisableNoJekyll): false
Build and deploy frontend	Deploy to GitHub Pages	2026-07-03T17:35:03.2942334Z [INFO] CNAME: 
Build and deploy frontend	Deploy to GitHub Pages	2026-07-03T17:35:03.2943264Z [INFO] ExcludeAssets .github
Build and deploy frontend	Deploy to GitHub Pages	2026-07-03T17:35:03.2944295Z 
Build and deploy frontend	Deploy to GitHub Pages	2026-07-03T17:35:03.2945050Z ##[endgroup]
Build and deploy frontend	Deploy to GitHub Pages	2026-07-03T17:35:03.2946331Z ##[group]Setup auth token
Build and deploy frontend	Deploy to GitHub Pages	2026-07-03T17:35:03.2947121Z [INFO] setup GITHUB_TOKEN
Build and deploy frontend	Deploy to GitHub Pages	2026-07-03T17:35:03.2949697Z ##[endgroup]
Build and deploy frontend	Deploy to GitHub Pages	2026-07-03T17:35:03.2951414Z ##[group]Prepare publishing assets
Build and deploy frontend	Deploy to GitHub Pages	2026-07-03T17:35:03.2952751Z [INFO] ForceOrphan: false
Build and deploy frontend	Deploy to GitHub Pages	2026-07-03T17:35:03.2980333Z [command]/usr/bin/git clone --depth=1 --single-branch --branch gh-pages ***github.com/alanriverocd/workspace-bienestar.git /home/runner/actions_github_pages_1783100103292
Build and deploy frontend	Deploy to GitHub Pages	2026-07-03T17:35:03.3022481Z Cloning into '/home/runner/actions_github_pages_1783100103292'...
Build and deploy frontend	Deploy to GitHub Pages	2026-07-03T17:35:03.6050557Z fatal: Remote branch gh-pages not found in upstream origin
Build and deploy frontend	Deploy to GitHub Pages	2026-07-03T17:35:03.6120992Z [INFO] first deployment, create new branch gh-pages
Build and deploy frontend	Deploy to GitHub Pages	2026-07-03T17:35:03.6126323Z [INFO] The process '/usr/bin/git' failed with exit code 128
Build and deploy frontend	Deploy to GitHub Pages	2026-07-03T17:35:03.6142733Z [INFO] chdir /home/runner/actions_github_pages_1783100103292
Build and deploy frontend	Deploy to GitHub Pages	2026-07-03T17:35:03.6176285Z [command]/usr/bin/git init
Build and deploy frontend	Deploy to GitHub Pages	2026-07-03T17:35:03.6232903Z hint: Using 'master' as the name for the initial branch. This default branch name
Build and deploy frontend	Deploy to GitHub Pages	2026-07-03T17:35:03.6244723Z hint: will change to "main" in Git 3.0. To configure the initial branch name
Build and deploy frontend	Deploy to GitHub Pages	2026-07-03T17:35:03.6272394Z hint: to use in all of your new repositories, which will suppress this warning,
Build and deploy frontend	Deploy to GitHub Pages	2026-07-03T17:35:03.6273475Z hint: call:
Build and deploy frontend	Deploy to GitHub Pages	2026-07-03T17:35:03.6273973Z hint:
Build and deploy frontend	Deploy to GitHub Pages	2026-07-03T17:35:03.6274675Z hint: 	git config --global init.defaultBranch <name>
Build and deploy frontend	Deploy to GitHub Pages	2026-07-03T17:35:03.6275378Z hint:
Build and deploy frontend	Deploy to GitHub Pages	2026-07-03T17:35:03.6276654Z hint: Names commonly chosen instead of 'master' are 'main', 'trunk' and
Build and deploy frontend	Deploy to GitHub Pages	2026-07-03T17:35:03.6277990Z hint: 'development'. The just-created branch can be renamed via this command:
Build and deploy frontend	Deploy to GitHub Pages	2026-07-03T17:35:03.6278903Z hint:
Build and deploy frontend	Deploy to GitHub Pages	2026-07-03T17:35:03.6279494Z hint: 	git branch -m <name>
Build and deploy frontend	Deploy to GitHub Pages	2026-07-03T17:35:03.6280125Z hint:
Build and deploy frontend	Deploy to GitHub Pages	2026-07-03T17:35:03.6281115Z hint: Disable this message with "git config set advice.defaultBranchName false"
Build and deploy frontend	Deploy to GitHub Pages	2026-07-03T17:35:03.6282602Z Initialized empty Git repository in /home/runner/actions_github_pages_1783100103292/.git/
Build and deploy frontend	Deploy to GitHub Pages	2026-07-03T17:35:03.6290714Z [command]/usr/bin/git checkout --orphan gh-pages
Build and deploy frontend	Deploy to GitHub Pages	2026-07-03T17:35:03.6307510Z Switched to a new branch 'gh-pages'
Build and deploy frontend	Deploy to GitHub Pages	2026-07-03T17:35:03.6330548Z [INFO] prepare publishing assets
Build and deploy frontend	Deploy to GitHub Pages	2026-07-03T17:35:03.6341072Z [INFO] copy /home/runner/work/workspace-bienestar/workspace-bienestar/frontend/dist to /home/runner/actions_github_pages_1783100103292
Build and deploy frontend	Deploy to GitHub Pages	2026-07-03T17:35:03.6436301Z [INFO] delete excluded assets
Build and deploy frontend	Deploy to GitHub Pages	2026-07-03T17:35:03.6519462Z [INFO] Created /home/runner/actions_github_pages_1783100103292/.nojekyll
Build and deploy frontend	Deploy to GitHub Pages	2026-07-03T17:35:03.6520853Z ##[endgroup]
Build and deploy frontend	Deploy to GitHub Pages	2026-07-03T17:35:03.6521610Z ##[group]Setup Git config
Build and deploy frontend	Deploy to GitHub Pages	2026-07-03T17:35:03.6522353Z [command]/usr/bin/git remote rm origin
Build and deploy frontend	Deploy to GitHub Pages	2026-07-03T17:35:03.6554023Z error: No such remote: 'origin'
Build and deploy frontend	Deploy to GitHub Pages	2026-07-03T17:35:03.6562114Z [INFO] The process '/usr/bin/git' failed with exit code 2
Build and deploy frontend	Deploy to GitHub Pages	2026-07-03T17:35:03.6602177Z [command]/usr/bin/git remote add origin ***github.com/alanriverocd/workspace-bienestar.git
Build and deploy frontend	Deploy to GitHub Pages	2026-07-03T17:35:03.6680923Z [command]/usr/bin/git add --all
Build and deploy frontend	Deploy to GitHub Pages	2026-07-03T17:35:03.7052868Z [command]/usr/bin/git config user.name github-actions
Build and deploy frontend	Deploy to GitHub Pages	2026-07-03T17:35:03.7146643Z [command]/usr/bin/git config user.email github-actions@github.com
Build and deploy frontend	Deploy to GitHub Pages	2026-07-03T17:35:03.7187910Z ##[endgroup]
Build and deploy frontend	Deploy to GitHub Pages	2026-07-03T17:35:03.7206876Z ##[group]Create a commit
Build and deploy frontend	Deploy to GitHub Pages	2026-07-03T17:35:03.7216881Z [command]/usr/bin/git commit -m deploy: 9b5e9d3ec5ed927ce32b892ec75fd567d711253a
Build and deploy frontend	Deploy to GitHub Pages	2026-07-03T17:35:03.7391536Z [gh-pages (root-commit) 7af582e] deploy: 9b5e9d3ec5ed927ce32b892ec75fd567d711253a
Build and deploy frontend	Deploy to GitHub Pages	2026-07-03T17:35:03.7406625Z  9 files changed, 444 insertions(+)
Build and deploy frontend	Deploy to GitHub Pages	2026-07-03T17:35:03.7420938Z  create mode 100644 .nojekyll
Build and deploy frontend	Deploy to GitHub Pages	2026-07-03T17:35:03.7446509Z  create mode 100644 assets/index-B24fmCOH.js
Build and deploy frontend	Deploy to GitHub Pages	2026-07-03T17:35:03.7456231Z  create mode 100644 assets/index-CaE8-N3u.css
Build and deploy frontend	Deploy to GitHub Pages	2026-07-03T17:35:03.7461009Z  create mode 100644 assets/primeicons-C6QP2o4f.woff2
Build and deploy frontend	Deploy to GitHub Pages	2026-07-03T17:35:03.7461967Z  create mode 100644 assets/primeicons-DMOk5skT.eot
Build and deploy frontend	Deploy to GitHub Pages	2026-07-03T17:35:03.7462937Z  create mode 100644 assets/primeicons-Dr5RGzOO.svg
Build and deploy frontend	Deploy to GitHub Pages	2026-07-03T17:35:03.7463876Z  create mode 100644 assets/primeicons-MpK4pl85.ttf
Build and deploy frontend	Deploy to GitHub Pages	2026-07-03T17:35:03.7469874Z  create mode 100644 assets/primeicons-WjwUDZjB.woff
Build and deploy frontend	Deploy to GitHub Pages	2026-07-03T17:35:03.7470820Z  create mode 100644 index.html
Build and deploy frontend	Deploy to GitHub Pages	2026-07-03T17:35:03.7472263Z ##[endgroup]
Build and deploy frontend	Deploy to GitHub Pages	2026-07-03T17:35:03.7473195Z ##[group]Push the commit or tag
Build and deploy frontend	Deploy to GitHub Pages	2026-07-03T17:35:03.7474075Z [command]/usr/bin/git push origin gh-pages
Build and deploy frontend	Deploy to GitHub Pages	2026-07-03T17:35:04.7571672Z remote: 
Build and deploy frontend	Deploy to GitHub Pages	2026-07-03T17:35:04.7574960Z remote: Create a pull request for 'gh-pages' on GitHub by visiting:        
Build and deploy frontend	Deploy to GitHub Pages	2026-07-03T17:35:04.7584423Z remote:      https://github.com/alanriverocd/workspace-bienestar/pull/new/gh-pages        
Build and deploy frontend	Deploy to GitHub Pages	2026-07-03T17:35:04.7585836Z remote: 
Build and deploy frontend	Deploy to GitHub Pages	2026-07-03T17:35:04.7586622Z To https://github.com/alanriverocd/workspace-bienestar.git
Build and deploy frontend	Deploy to GitHub Pages	2026-07-03T17:35:04.7587457Z  * [new branch]      gh-pages -> gh-pages
Build and deploy frontend	Deploy to GitHub Pages	2026-07-03T17:35:04.7636745Z ##[endgroup]
Build and deploy frontend	Deploy to GitHub Pages	2026-07-03T17:35:04.7637500Z [INFO] Action successfully completed
Build and deploy frontend	Post Setup Node	´╗┐2026-07-03T17:35:04.7790347Z Node 20 is being deprecated. This workflow is running with Node 24 by default. If you need to temporarily use Node 20, you can set the ACTIONS_ALLOW_USE_UNSECURE_NODE_VERSION=true environment variable. For more information see: https://github.blog/changelog/2025-09-19-deprecation-of-node-20-on-github-actions-runners/
Build and deploy frontend	Post Setup Node	2026-07-03T17:35:04.7791704Z Post job cleanup.
Build and deploy frontend	Post Setup Node	2026-07-03T17:35:04.9097974Z (node:2165) [DEP0040] DeprecationWarning: The `punycode` module is deprecated. Please use a userland alternative instead.
Build and deploy frontend	Post Setup Node	2026-07-03T17:35:04.9100882Z (Use `node --trace-deprecation ...` to show where the warning was created)
Build and deploy frontend	Post Run actions/checkout@v4	´╗┐2026-07-03T17:35:04.9253675Z Node 20 is being deprecated. This workflow is running with Node 24 by default. If you need to temporarily use Node 20, you can set the ACTIONS_ALLOW_USE_UNSECURE_NODE_VERSION=true environment variable. For more information see: https://github.blog/changelog/2025-09-19-deprecation-of-node-20-on-github-actions-runners/
Build and deploy frontend	Post Run actions/checkout@v4	2026-07-03T17:35:04.9254918Z Post job cleanup.
Build and deploy frontend	Post Run actions/checkout@v4	2026-07-03T17:35:05.0184614Z [command]/usr/bin/git version
Build and deploy frontend	Post Run actions/checkout@v4	2026-07-03T17:35:05.0259760Z git version 2.54.0
Build and deploy frontend	Post Run actions/checkout@v4	2026-07-03T17:35:05.0305211Z Temporarily overriding HOME='/home/runner/work/_temp/9b5a9c6b-7d40-483d-a45b-e0db945a1adb' before making global git config changes
Build and deploy frontend	Post Run actions/checkout@v4	2026-07-03T17:35:05.0307271Z Adding repository directory to the temporary git global config as a safe directory
Build and deploy frontend	Post Run actions/checkout@v4	2026-07-03T17:35:05.0310317Z [command]/usr/bin/git config --global --add safe.directory /home/runner/work/workspace-bienestar/workspace-bienestar
Build and deploy frontend	Post Run actions/checkout@v4	2026-07-03T17:35:05.0353652Z [command]/usr/bin/git config --local --name-only --get-regexp core\.sshCommand
Build and deploy frontend	Post Run actions/checkout@v4	2026-07-03T17:35:05.0396255Z [command]/usr/bin/git submodule foreach --recursive sh -c "git config --local --name-only --get-regexp 'core\.sshCommand' && git config --local --unset-all 'core.sshCommand' || :"
Build and deploy frontend	Post Run actions/checkout@v4	2026-07-03T17:35:05.0640564Z [command]/usr/bin/git config --local --name-only --get-regexp http\.https\:\/\/github\.com\/\.extraheader
Build and deploy frontend	Post Run actions/checkout@v4	2026-07-03T17:35:05.0677617Z http.https://github.com/.extraheader
Build and deploy frontend	Post Run actions/checkout@v4	2026-07-03T17:35:05.0707591Z [command]/usr/bin/git config --local --unset-all http.https://github.com/.extraheader
Build and deploy frontend	Post Run actions/checkout@v4	2026-07-03T17:35:05.0758685Z [command]/usr/bin/git submodule foreach --recursive sh -c "git config --local --name-only --get-regexp 'http\.https\:\/\/github\.com\/\.extraheader' && git config --local --unset-all 'http.https://github.com/.extraheader' || :"
Build and deploy frontend	Post Run actions/checkout@v4	2026-07-03T17:35:05.1132952Z [command]/usr/bin/git config --local --name-only --get-regexp ^includeIf\.gitdir:
Build and deploy frontend	Post Run actions/checkout@v4	2026-07-03T17:35:05.1203082Z [command]/usr/bin/git submodule foreach --recursive git config --local --show-origin --name-only --get-regexp remote.origin.url
Build and deploy frontend	Complete job	´╗┐2026-07-03T17:35:05.1769642Z Cleaning up orphan processes
Build and deploy frontend	Complete job	2026-07-03T17:35:05.2054001Z ##[warning]Node.js 20 is deprecated. The following actions target Node.js 20 but are being forced to run on Node.js 24: actions/checkout@v4, actions/setup-node@v4. For more information see: https://github.blog/changelog/2025-09-19-deprecation-of-node-20-on-github-actions-runners/
